<?xml version="1.0" encoding="UTF-8"?>
<!-- Generated by org.testng.reporters.JUnitReportReporter -->
<testsuite hostname="DESKTOP-36C6IBR" failures="0" tests="1" name="runner.Runner" time="11.200" errors="0" timestamp="2024-02-12T15:45:15 IST" skipped="0">
  <testcase classname="runner.Runner" name="runScenario" time="11.200"/>
</testsuite> <!-- runner.Runner -->
