<?xml version="1.0" encoding="UTF-8"?>
<!-- Generated by org.testng.reporters.JUnitReportReporter -->
<testsuite hostname="DESKTOP-36C6IBR" failures="0" tests="1" name="tests.ThreeTest" time="12.573" errors="0" timestamp="2024-02-12T15:37:22 IST" skipped="0">
  <testcase classname="tests.ThreeTest" name="testThree" time="12.573"/>
</testsuite> <!-- tests.ThreeTest -->
