<?xml version="1.0" encoding="UTF-8"?>
<!-- Generated by org.testng.reporters.JUnitReportReporter -->
<testsuite hostname="DESKTOP-36C6IBR" failures="0" tests="2" name="tests.LoginTest" time="35.298" errors="0" timestamp="2024-02-12T15:37:22 IST" skipped="0">
  <testcase classname="tests.LoginTest" name="login" time="19.958"/>
  <testcase classname="tests.LoginTest" name="login" time="15.340"/>
</testsuite> <!-- tests.LoginTest -->
