<?xml version="1.0" encoding="UTF-8"?>
<!-- Generated by org.testng.reporters.JUnitReportReporter -->
<testsuite hostname="DESKTOP-36C6IBR" failures="0" tests="1" name="tests.ThreeTest" time="0.003" errors="0" timestamp="2024-02-10T10:46:51 IST" skipped="0">
  <testcase classname="tests.ThreeTest" name="testThree" time="0.003"/>
</testsuite> <!-- tests.ThreeTest -->
