<?xml version="1.0" encoding="UTF-8"?>
<!-- Generated by org.testng.reporters.JUnitReportReporter -->
<testsuite hostname="DESKTOP-36C6IBR" failures="0" tests="1" name="runner.Runner" time="9.525" errors="0" timestamp="2024-02-12T15:46:14 IST" skipped="0">
  <testcase classname="runner.Runner" name="runScenario" time="9.525"/>
</testsuite> <!-- runner.Runner -->
