<?xml version="1.0" encoding="UTF-8"?>
<!-- Generated by org.testng.reporters.JUnitReportReporter -->
<testsuite hostname="DESKTOP-36C6IBR" failures="0" tests="2" name="tests.LoginTest" time="27.783" errors="0" timestamp="2024-02-10T10:46:51 IST" skipped="0">
  <testcase classname="tests.LoginTest" name="login" time="10.727"/>
  <testcase classname="tests.LoginTest" name="login" time="17.056"/>
</testsuite> <!-- tests.LoginTest -->
